2023-07-23 13:13:06 [main][WARN][org.mybatis.spring.mapper.ClassPathMapperScanner][warn][44]-> Skipping MapperFactoryBean with name 'TCIUserMapper' and 'com.dz.ftsp.codelab.dao.cl.TCIUserMapper' mapperInterface. Bean already defined with the same name!
2023-07-23 13:13:06 [main][WARN][org.mybatis.spring.mapper.ClassPathMapperScanner][warn][44]-> Skipping MapperFactoryBean with name 'TClCategoryMapper' and 'com.dz.ftsp.codelab.dao.cl.TClCategoryMapper' mapperInterface. Bean already defined with the same name!
2023-07-23 13:13:06 [main][WARN][org.mybatis.spring.mapper.ClassPathMapperScanner][warn][44]-> Skipping MapperFactoryBean with name 'TClCommoditiesExMapper' and 'com.dz.ftsp.codelab.dao.cl.TClCommoditiesExMapper' mapperInterface. Bean already defined with the same name!
2023-07-23 13:13:06 [main][WARN][org.mybatis.spring.mapper.ClassPathMapperScanner][warn][44]-> Skipping MapperFactoryBean with name 'TClCommoditiesMapper' and 'com.dz.ftsp.codelab.dao.cl.TClCommoditiesMapper' mapperInterface. Bean already defined with the same name!
2023-07-23 13:13:06 [main][WARN][org.mybatis.spring.mapper.ClassPathMapperScanner][warn][44]-> Skipping MapperFactoryBean with name 'TClCommoditiesTransactionMapper' and 'com.dz.ftsp.codelab.dao.cl.TClCommoditiesTransactionMapper' mapperInterface. Bean already defined with the same name!
2023-07-23 13:13:06 [main][WARN][org.mybatis.spring.mapper.ClassPathMapperScanner][warn][44]-> Skipping MapperFactoryBean with name 'TClDictMapper' and 'com.dz.ftsp.codelab.dao.cl.TClDictMapper' mapperInterface. Bean already defined with the same name!
2023-07-23 13:13:06 [main][WARN][org.mybatis.spring.mapper.ClassPathMapperScanner][warn][44]-> Skipping MapperFactoryBean with name 'TClLogMapper' and 'com.dz.ftsp.codelab.dao.cl.TClLogMapper' mapperInterface. Bean already defined with the same name!
2023-07-23 13:13:06 [main][WARN][org.mybatis.spring.mapper.ClassPathMapperScanner][warn][44]-> Skipping MapperFactoryBean with name 'TClProductMapper' and 'com.dz.ftsp.codelab.dao.cl.TClProductMapper' mapperInterface. Bean already defined with the same name!
2023-07-23 13:13:06 [main][WARN][org.mybatis.spring.mapper.ClassPathMapperScanner][warn][44]-> No MyBatis mapper was found in '[com.dz.ftsp.codelab.dao.*]' package. Please check your configuration.
2023-07-23 13:13:08 [main][WARN][springfox.documentation.swagger.readers.operation.OperationImplicitParameterReader][maybeGetModelRef][88]-> Coercing to be of type string. This may not even be a scalar type in actuality
2023-07-23 13:13:08 [main][WARN][springfox.documentation.swagger.readers.operation.OperationImplicitParameterReader][maybeGetModelRef][88]-> Coercing to be of type string. This may not even be a scalar type in actuality
2023-07-23 13:13:08 [main][WARN][springfox.documentation.swagger.readers.operation.OperationImplicitParameterReader][maybeGetModelRef][88]-> Coercing to be of type string. This may not even be a scalar type in actuality
2023-07-23 13:13:08 [main][WARN][springfox.documentation.swagger.readers.operation.OperationImplicitParameterReader][maybeGetModelRef][88]-> Coercing to be of type string. This may not even be a scalar type in actuality
2023-07-23 13:13:08 [main][WARN][springfox.documentation.swagger.readers.operation.OperationImplicitParameterReader][maybeGetModelRef][88]-> Coercing to be of type string. This may not even be a scalar type in actuality
2023-07-23 13:13:08 [main][WARN][springfox.documentation.swagger.readers.operation.OperationImplicitParameterReader][maybeGetModelRef][88]-> Coercing to be of type string. This may not even be a scalar type in actuality
2023-07-23 13:20:09 [main][WARN][org.mybatis.spring.mapper.ClassPathMapperScanner][warn][44]-> Skipping MapperFactoryBean with name 'TCIUserMapper' and 'com.dz.ftsp.codelab.dao.cl.TCIUserMapper' mapperInterface. Bean already defined with the same name!
2023-07-23 13:20:09 [main][WARN][org.mybatis.spring.mapper.ClassPathMapperScanner][warn][44]-> Skipping MapperFactoryBean with name 'TClCategoryMapper' and 'com.dz.ftsp.codelab.dao.cl.TClCategoryMapper' mapperInterface. Bean already defined with the same name!
2023-07-23 13:20:09 [main][WARN][org.mybatis.spring.mapper.ClassPathMapperScanner][warn][44]-> Skipping MapperFactoryBean with name 'TClCommoditiesExMapper' and 'com.dz.ftsp.codelab.dao.cl.TClCommoditiesExMapper' mapperInterface. Bean already defined with the same name!
2023-07-23 13:20:09 [main][WARN][org.mybatis.spring.mapper.ClassPathMapperScanner][warn][44]-> Skipping MapperFactoryBean with name 'TClCommoditiesMapper' and 'com.dz.ftsp.codelab.dao.cl.TClCommoditiesMapper' mapperInterface. Bean already defined with the same name!
2023-07-23 13:20:09 [main][WARN][org.mybatis.spring.mapper.ClassPathMapperScanner][warn][44]-> Skipping MapperFactoryBean with name 'TClCommoditiesTransactionMapper' and 'com.dz.ftsp.codelab.dao.cl.TClCommoditiesTransactionMapper' mapperInterface. Bean already defined with the same name!
2023-07-23 13:20:09 [main][WARN][org.mybatis.spring.mapper.ClassPathMapperScanner][warn][44]-> Skipping MapperFactoryBean with name 'TClDictMapper' and 'com.dz.ftsp.codelab.dao.cl.TClDictMapper' mapperInterface. Bean already defined with the same name!
2023-07-23 13:20:09 [main][WARN][org.mybatis.spring.mapper.ClassPathMapperScanner][warn][44]-> Skipping MapperFactoryBean with name 'TClLogMapper' and 'com.dz.ftsp.codelab.dao.cl.TClLogMapper' mapperInterface. Bean already defined with the same name!
2023-07-23 13:20:09 [main][WARN][org.mybatis.spring.mapper.ClassPathMapperScanner][warn][44]-> Skipping MapperFactoryBean with name 'TClProductMapper' and 'com.dz.ftsp.codelab.dao.cl.TClProductMapper' mapperInterface. Bean already defined with the same name!
2023-07-23 13:20:09 [main][WARN][org.mybatis.spring.mapper.ClassPathMapperScanner][warn][44]-> No MyBatis mapper was found in '[com.dz.ftsp.codelab.dao.*]' package. Please check your configuration.
2023-07-23 13:20:10 [main][WARN][springfox.documentation.swagger.readers.operation.OperationImplicitParameterReader][maybeGetModelRef][88]-> Coercing to be of type string. This may not even be a scalar type in actuality
2023-07-23 13:20:10 [main][WARN][springfox.documentation.swagger.readers.operation.OperationImplicitParameterReader][maybeGetModelRef][88]-> Coercing to be of type string. This may not even be a scalar type in actuality
2023-07-23 13:20:10 [main][WARN][springfox.documentation.swagger.readers.operation.OperationImplicitParameterReader][maybeGetModelRef][88]-> Coercing to be of type string. This may not even be a scalar type in actuality
2023-07-23 13:20:10 [main][WARN][springfox.documentation.swagger.readers.operation.OperationImplicitParameterReader][maybeGetModelRef][88]-> Coercing to be of type string. This may not even be a scalar type in actuality
2023-07-23 13:20:10 [main][WARN][springfox.documentation.swagger.readers.operation.OperationImplicitParameterReader][maybeGetModelRef][88]-> Coercing to be of type string. This may not even be a scalar type in actuality
2023-07-23 13:20:10 [main][WARN][springfox.documentation.swagger.readers.operation.OperationImplicitParameterReader][maybeGetModelRef][88]-> Coercing to be of type string. This may not even be a scalar type in actuality
2023-07-23 13:47:29 [main][WARN][org.mybatis.spring.mapper.ClassPathMapperScanner][warn][44]-> Skipping MapperFactoryBean with name 'TCIUserMapper' and 'com.dz.ftsp.codelab.dao.cl.TCIUserMapper' mapperInterface. Bean already defined with the same name!
2023-07-23 13:47:29 [main][WARN][org.mybatis.spring.mapper.ClassPathMapperScanner][warn][44]-> Skipping MapperFactoryBean with name 'TClCategoryMapper' and 'com.dz.ftsp.codelab.dao.cl.TClCategoryMapper' mapperInterface. Bean already defined with the same name!
2023-07-23 13:47:29 [main][WARN][org.mybatis.spring.mapper.ClassPathMapperScanner][warn][44]-> Skipping MapperFactoryBean with name 'TClCommoditiesExMapper' and 'com.dz.ftsp.codelab.dao.cl.TClCommoditiesExMapper' mapperInterface. Bean already defined with the same name!
2023-07-23 13:47:29 [main][WARN][org.mybatis.spring.mapper.ClassPathMapperScanner][warn][44]-> Skipping MapperFactoryBean with name 'TClCommoditiesMapper' and 'com.dz.ftsp.codelab.dao.cl.TClCommoditiesMapper' mapperInterface. Bean already defined with the same name!
2023-07-23 13:47:29 [main][WARN][org.mybatis.spring.mapper.ClassPathMapperScanner][warn][44]-> Skipping MapperFactoryBean with name 'TClCommoditiesTransactionMapper' and 'com.dz.ftsp.codelab.dao.cl.TClCommoditiesTransactionMapper' mapperInterface. Bean already defined with the same name!
2023-07-23 13:47:29 [main][WARN][org.mybatis.spring.mapper.ClassPathMapperScanner][warn][44]-> Skipping MapperFactoryBean with name 'TClDictMapper' and 'com.dz.ftsp.codelab.dao.cl.TClDictMapper' mapperInterface. Bean already defined with the same name!
2023-07-23 13:47:29 [main][WARN][org.mybatis.spring.mapper.ClassPathMapperScanner][warn][44]-> Skipping MapperFactoryBean with name 'TClLogMapper' and 'com.dz.ftsp.codelab.dao.cl.TClLogMapper' mapperInterface. Bean already defined with the same name!
2023-07-23 13:47:29 [main][WARN][org.mybatis.spring.mapper.ClassPathMapperScanner][warn][44]-> Skipping MapperFactoryBean with name 'TClProductMapper' and 'com.dz.ftsp.codelab.dao.cl.TClProductMapper' mapperInterface. Bean already defined with the same name!
2023-07-23 13:47:29 [main][WARN][org.mybatis.spring.mapper.ClassPathMapperScanner][warn][44]-> No MyBatis mapper was found in '[com.dz.ftsp.codelab.dao.*]' package. Please check your configuration.
2023-07-23 13:47:31 [main][WARN][springfox.documentation.swagger.readers.operation.OperationImplicitParameterReader][maybeGetModelRef][88]-> Coercing to be of type string. This may not even be a scalar type in actuality
2023-07-23 13:47:31 [main][WARN][springfox.documentation.swagger.readers.operation.OperationImplicitParameterReader][maybeGetModelRef][88]-> Coercing to be of type string. This may not even be a scalar type in actuality
2023-07-23 13:47:31 [main][WARN][springfox.documentation.swagger.readers.operation.OperationImplicitParameterReader][maybeGetModelRef][88]-> Coercing to be of type string. This may not even be a scalar type in actuality
2023-07-23 13:47:31 [main][WARN][springfox.documentation.swagger.readers.operation.OperationImplicitParameterReader][maybeGetModelRef][88]-> Coercing to be of type string. This may not even be a scalar type in actuality
2023-07-23 13:47:31 [main][WARN][springfox.documentation.swagger.readers.operation.OperationImplicitParameterReader][maybeGetModelRef][88]-> Coercing to be of type string. This may not even be a scalar type in actuality
2023-07-23 13:47:31 [main][WARN][springfox.documentation.swagger.readers.operation.OperationImplicitParameterReader][maybeGetModelRef][88]-> Coercing to be of type string. This may not even be a scalar type in actuality
