2023-07-23 13:13:05 [background-preinit][INFO][org.hibernate.validator.internal.util.Version][<clinit>][21]-> HV000001: Hibernate Validator 6.1.5.Final
2023-07-23 13:13:05 [main][INFO][com.dz.Application][logStarting][55]-> Starting Application on DESKTOP-2GU7CRG with PID 5664 (D:\work\codelab\target\classes started by Administrator in D:\work\codelab)
2023-07-23 13:13:05 [main][INFO][com.dz.Application][logStartupProfileInfo][651]-> No active profile set, falling back to default profiles: default
2023-07-23 13:13:06 [main][WARN][org.mybatis.spring.mapper.ClassPathMapperScanner][warn][44]-> Skipping MapperFactoryBean with name 'TCIUserMapper' and 'com.dz.ftsp.codelab.dao.cl.TCIUserMapper' mapperInterface. Bean already defined with the same name!
2023-07-23 13:13:06 [main][WARN][org.mybatis.spring.mapper.ClassPathMapperScanner][warn][44]-> Skipping MapperFactoryBean with name 'TClCategoryMapper' and 'com.dz.ftsp.codelab.dao.cl.TClCategoryMapper' mapperInterface. Bean already defined with the same name!
2023-07-23 13:13:06 [main][WARN][org.mybatis.spring.mapper.ClassPathMapperScanner][warn][44]-> Skipping MapperFactoryBean with name 'TClCommoditiesExMapper' and 'com.dz.ftsp.codelab.dao.cl.TClCommoditiesExMapper' mapperInterface. Bean already defined with the same name!
2023-07-23 13:13:06 [main][WARN][org.mybatis.spring.mapper.ClassPathMapperScanner][warn][44]-> Skipping MapperFactoryBean with name 'TClCommoditiesMapper' and 'com.dz.ftsp.codelab.dao.cl.TClCommoditiesMapper' mapperInterface. Bean already defined with the same name!
2023-07-23 13:13:06 [main][WARN][org.mybatis.spring.mapper.ClassPathMapperScanner][warn][44]-> Skipping MapperFactoryBean with name 'TClCommoditiesTransactionMapper' and 'com.dz.ftsp.codelab.dao.cl.TClCommoditiesTransactionMapper' mapperInterface. Bean already defined with the same name!
2023-07-23 13:13:06 [main][WARN][org.mybatis.spring.mapper.ClassPathMapperScanner][warn][44]-> Skipping MapperFactoryBean with name 'TClDictMapper' and 'com.dz.ftsp.codelab.dao.cl.TClDictMapper' mapperInterface. Bean already defined with the same name!
2023-07-23 13:13:06 [main][WARN][org.mybatis.spring.mapper.ClassPathMapperScanner][warn][44]-> Skipping MapperFactoryBean with name 'TClLogMapper' and 'com.dz.ftsp.codelab.dao.cl.TClLogMapper' mapperInterface. Bean already defined with the same name!
2023-07-23 13:13:06 [main][WARN][org.mybatis.spring.mapper.ClassPathMapperScanner][warn][44]-> Skipping MapperFactoryBean with name 'TClProductMapper' and 'com.dz.ftsp.codelab.dao.cl.TClProductMapper' mapperInterface. Bean already defined with the same name!
2023-07-23 13:13:06 [main][WARN][org.mybatis.spring.mapper.ClassPathMapperScanner][warn][44]-> No MyBatis mapper was found in '[com.dz.ftsp.codelab.dao.*]' package. Please check your configuration.
2023-07-23 13:13:07 [main][INFO][org.springframework.boot.web.embedded.tomcat.TomcatWebServer][initialize][108]-> Tomcat initialized with port(s): 15055 (http)
2023-07-23 13:13:07 [main][INFO][org.apache.coyote.http11.Http11NioProtocol][log][173]-> Initializing ProtocolHandler ["http-nio-15055"]
2023-07-23 13:13:07 [main][INFO][org.apache.catalina.core.StandardService][log][173]-> Starting service [Tomcat]
2023-07-23 13:13:07 [main][INFO][org.apache.catalina.core.StandardEngine][log][173]-> Starting Servlet engine: [Apache Tomcat/9.0.38]
2023-07-23 13:13:07 [main][INFO][org.apache.catalina.core.ContainerBase.[Tomcat].[localhost].[/]][log][173]-> Initializing Spring embedded WebApplicationContext
2023-07-23 13:13:07 [main][INFO][org.springframework.boot.web.servlet.context.ServletWebServerApplicationContext][prepareWebApplicationContext][285]-> Root WebApplicationContext: initialization completed in 1423 ms
2023-07-23 13:13:08 [main][INFO][org.springframework.scheduling.concurrent.ThreadPoolTaskExecutor][initialize][181]-> Initializing ExecutorService 'applicationTaskExecutor'
2023-07-23 13:13:08 [main][INFO][org.springframework.scheduling.concurrent.ThreadPoolTaskScheduler][initialize][181]-> Initializing ExecutorService 'taskScheduler'
2023-07-23 13:13:08 [main][INFO][org.apache.coyote.http11.Http11NioProtocol][log][173]-> Starting ProtocolHandler ["http-nio-15055"]
2023-07-23 13:13:08 [main][INFO][org.springframework.boot.web.embedded.tomcat.TomcatWebServer][start][220]-> Tomcat started on port(s): 15055 (http) with context path ''
2023-07-23 13:13:08 [main][INFO][springfox.documentation.spring.web.plugins.DocumentationPluginsBootstrapper][onApplicationEvent][84]-> Context refreshed
2023-07-23 13:13:08 [main][INFO][springfox.documentation.spring.web.plugins.DocumentationPluginsBootstrapper][onApplicationEvent][87]-> Found 1 custom documentation plugin(s)
2023-07-23 13:13:08 [main][INFO][springfox.documentation.spring.web.scanners.ApiListingReferenceScanner][scan][44]-> Scanning for api listing references
2023-07-23 13:13:08 [main][WARN][springfox.documentation.swagger.readers.operation.OperationImplicitParameterReader][maybeGetModelRef][88]-> Coercing to be of type string. This may not even be a scalar type in actuality
2023-07-23 13:13:08 [main][WARN][springfox.documentation.swagger.readers.operation.OperationImplicitParameterReader][maybeGetModelRef][88]-> Coercing to be of type string. This may not even be a scalar type in actuality
2023-07-23 13:13:08 [main][WARN][springfox.documentation.swagger.readers.operation.OperationImplicitParameterReader][maybeGetModelRef][88]-> Coercing to be of type string. This may not even be a scalar type in actuality
2023-07-23 13:13:08 [main][WARN][springfox.documentation.swagger.readers.operation.OperationImplicitParameterReader][maybeGetModelRef][88]-> Coercing to be of type string. This may not even be a scalar type in actuality
2023-07-23 13:13:08 [main][WARN][springfox.documentation.swagger.readers.operation.OperationImplicitParameterReader][maybeGetModelRef][88]-> Coercing to be of type string. This may not even be a scalar type in actuality
2023-07-23 13:13:08 [main][WARN][springfox.documentation.swagger.readers.operation.OperationImplicitParameterReader][maybeGetModelRef][88]-> Coercing to be of type string. This may not even be a scalar type in actuality
2023-07-23 13:13:08 [main][INFO][springfox.documentation.spring.web.readers.operation.CachingOperationNameGenerator][startingWith][40]-> Generating unique operation named: listUsingGET_1
2023-07-23 13:13:08 [main][INFO][springfox.documentation.spring.web.readers.operation.CachingOperationNameGenerator][startingWith][40]-> Generating unique operation named: pageUsingGET_1
2023-07-23 13:13:08 [main][INFO][com.dz.Application][logStarted][61]-> Started Application in 3.276 seconds (JVM running for 3.822)
2023-07-23 13:13:13 [http-nio-15055-exec-1][INFO][org.apache.catalina.core.ContainerBase.[Tomcat].[localhost].[/]][log][173]-> Initializing Spring DispatcherServlet 'dispatcherServlet'
2023-07-23 13:13:13 [http-nio-15055-exec-1][INFO][org.springframework.web.servlet.DispatcherServlet][initServletBean][525]-> Initializing Servlet 'dispatcherServlet'
2023-07-23 13:13:13 [http-nio-15055-exec-1][INFO][org.springframework.web.servlet.DispatcherServlet][initServletBean][547]-> Completed initialization in 6 ms
2023-07-23 13:20:02 [SpringContextShutdownHook][INFO][org.springframework.scheduling.concurrent.ThreadPoolTaskScheduler][shutdown][218]-> Shutting down ExecutorService 'taskScheduler'
2023-07-23 13:20:02 [SpringContextShutdownHook][INFO][org.springframework.scheduling.concurrent.ThreadPoolTaskExecutor][shutdown][218]-> Shutting down ExecutorService 'applicationTaskExecutor'
2023-07-23 13:20:08 [background-preinit][INFO][org.hibernate.validator.internal.util.Version][<clinit>][21]-> HV000001: Hibernate Validator 6.1.5.Final
2023-07-23 13:20:08 [main][INFO][com.dz.Application][logStarting][55]-> Starting Application on DESKTOP-2GU7CRG with PID 21248 (D:\work\codelab\target\classes started by Administrator in D:\work\codelab)
2023-07-23 13:20:08 [main][INFO][com.dz.Application][logStartupProfileInfo][651]-> No active profile set, falling back to default profiles: default
2023-07-23 13:20:09 [main][WARN][org.mybatis.spring.mapper.ClassPathMapperScanner][warn][44]-> Skipping MapperFactoryBean with name 'TCIUserMapper' and 'com.dz.ftsp.codelab.dao.cl.TCIUserMapper' mapperInterface. Bean already defined with the same name!
2023-07-23 13:20:09 [main][WARN][org.mybatis.spring.mapper.ClassPathMapperScanner][warn][44]-> Skipping MapperFactoryBean with name 'TClCategoryMapper' and 'com.dz.ftsp.codelab.dao.cl.TClCategoryMapper' mapperInterface. Bean already defined with the same name!
2023-07-23 13:20:09 [main][WARN][org.mybatis.spring.mapper.ClassPathMapperScanner][warn][44]-> Skipping MapperFactoryBean with name 'TClCommoditiesExMapper' and 'com.dz.ftsp.codelab.dao.cl.TClCommoditiesExMapper' mapperInterface. Bean already defined with the same name!
2023-07-23 13:20:09 [main][WARN][org.mybatis.spring.mapper.ClassPathMapperScanner][warn][44]-> Skipping MapperFactoryBean with name 'TClCommoditiesMapper' and 'com.dz.ftsp.codelab.dao.cl.TClCommoditiesMapper' mapperInterface. Bean already defined with the same name!
2023-07-23 13:20:09 [main][WARN][org.mybatis.spring.mapper.ClassPathMapperScanner][warn][44]-> Skipping MapperFactoryBean with name 'TClCommoditiesTransactionMapper' and 'com.dz.ftsp.codelab.dao.cl.TClCommoditiesTransactionMapper' mapperInterface. Bean already defined with the same name!
2023-07-23 13:20:09 [main][WARN][org.mybatis.spring.mapper.ClassPathMapperScanner][warn][44]-> Skipping MapperFactoryBean with name 'TClDictMapper' and 'com.dz.ftsp.codelab.dao.cl.TClDictMapper' mapperInterface. Bean already defined with the same name!
2023-07-23 13:20:09 [main][WARN][org.mybatis.spring.mapper.ClassPathMapperScanner][warn][44]-> Skipping MapperFactoryBean with name 'TClLogMapper' and 'com.dz.ftsp.codelab.dao.cl.TClLogMapper' mapperInterface. Bean already defined with the same name!
2023-07-23 13:20:09 [main][WARN][org.mybatis.spring.mapper.ClassPathMapperScanner][warn][44]-> Skipping MapperFactoryBean with name 'TClProductMapper' and 'com.dz.ftsp.codelab.dao.cl.TClProductMapper' mapperInterface. Bean already defined with the same name!
2023-07-23 13:20:09 [main][WARN][org.mybatis.spring.mapper.ClassPathMapperScanner][warn][44]-> No MyBatis mapper was found in '[com.dz.ftsp.codelab.dao.*]' package. Please check your configuration.
2023-07-23 13:20:09 [main][INFO][org.springframework.boot.web.embedded.tomcat.TomcatWebServer][initialize][108]-> Tomcat initialized with port(s): 15055 (http)
2023-07-23 13:20:09 [main][INFO][org.apache.coyote.http11.Http11NioProtocol][log][173]-> Initializing ProtocolHandler ["http-nio-15055"]
2023-07-23 13:20:09 [main][INFO][org.apache.catalina.core.StandardService][log][173]-> Starting service [Tomcat]
2023-07-23 13:20:09 [main][INFO][org.apache.catalina.core.StandardEngine][log][173]-> Starting Servlet engine: [Apache Tomcat/9.0.38]
2023-07-23 13:20:09 [main][INFO][org.apache.catalina.core.ContainerBase.[Tomcat].[localhost].[/]][log][173]-> Initializing Spring embedded WebApplicationContext
2023-07-23 13:20:09 [main][INFO][org.springframework.boot.web.servlet.context.ServletWebServerApplicationContext][prepareWebApplicationContext][285]-> Root WebApplicationContext: initialization completed in 1303 ms
2023-07-23 13:20:10 [main][INFO][org.springframework.scheduling.concurrent.ThreadPoolTaskExecutor][initialize][181]-> Initializing ExecutorService 'applicationTaskExecutor'
2023-07-23 13:20:10 [main][INFO][org.springframework.scheduling.concurrent.ThreadPoolTaskScheduler][initialize][181]-> Initializing ExecutorService 'taskScheduler'
2023-07-23 13:20:10 [main][INFO][org.apache.coyote.http11.Http11NioProtocol][log][173]-> Starting ProtocolHandler ["http-nio-15055"]
2023-07-23 13:20:10 [main][INFO][org.springframework.boot.web.embedded.tomcat.TomcatWebServer][start][220]-> Tomcat started on port(s): 15055 (http) with context path ''
2023-07-23 13:20:10 [main][INFO][springfox.documentation.spring.web.plugins.DocumentationPluginsBootstrapper][onApplicationEvent][84]-> Context refreshed
2023-07-23 13:20:10 [main][INFO][springfox.documentation.spring.web.plugins.DocumentationPluginsBootstrapper][onApplicationEvent][87]-> Found 1 custom documentation plugin(s)
2023-07-23 13:20:10 [main][INFO][springfox.documentation.spring.web.scanners.ApiListingReferenceScanner][scan][44]-> Scanning for api listing references
2023-07-23 13:20:10 [main][WARN][springfox.documentation.swagger.readers.operation.OperationImplicitParameterReader][maybeGetModelRef][88]-> Coercing to be of type string. This may not even be a scalar type in actuality
2023-07-23 13:20:10 [main][WARN][springfox.documentation.swagger.readers.operation.OperationImplicitParameterReader][maybeGetModelRef][88]-> Coercing to be of type string. This may not even be a scalar type in actuality
2023-07-23 13:20:10 [main][WARN][springfox.documentation.swagger.readers.operation.OperationImplicitParameterReader][maybeGetModelRef][88]-> Coercing to be of type string. This may not even be a scalar type in actuality
2023-07-23 13:20:10 [main][WARN][springfox.documentation.swagger.readers.operation.OperationImplicitParameterReader][maybeGetModelRef][88]-> Coercing to be of type string. This may not even be a scalar type in actuality
2023-07-23 13:20:10 [main][WARN][springfox.documentation.swagger.readers.operation.OperationImplicitParameterReader][maybeGetModelRef][88]-> Coercing to be of type string. This may not even be a scalar type in actuality
2023-07-23 13:20:10 [main][WARN][springfox.documentation.swagger.readers.operation.OperationImplicitParameterReader][maybeGetModelRef][88]-> Coercing to be of type string. This may not even be a scalar type in actuality
2023-07-23 13:20:10 [main][INFO][springfox.documentation.spring.web.readers.operation.CachingOperationNameGenerator][startingWith][40]-> Generating unique operation named: listUsingGET_1
2023-07-23 13:20:10 [main][INFO][springfox.documentation.spring.web.readers.operation.CachingOperationNameGenerator][startingWith][40]-> Generating unique operation named: pageUsingGET_1
2023-07-23 13:20:10 [main][INFO][com.dz.Application][logStarted][61]-> Started Application in 2.96 seconds (JVM running for 3.359)
2023-07-23 13:20:16 [http-nio-15055-exec-1][INFO][org.apache.catalina.core.ContainerBase.[Tomcat].[localhost].[/]][log][173]-> Initializing Spring DispatcherServlet 'dispatcherServlet'
2023-07-23 13:20:16 [http-nio-15055-exec-1][INFO][org.springframework.web.servlet.DispatcherServlet][initServletBean][525]-> Initializing Servlet 'dispatcherServlet'
2023-07-23 13:20:16 [http-nio-15055-exec-1][INFO][org.springframework.web.servlet.DispatcherServlet][initServletBean][547]-> Completed initialization in 4 ms
2023-07-23 13:47:24 [SpringContextShutdownHook][INFO][org.springframework.scheduling.concurrent.ThreadPoolTaskScheduler][shutdown][218]-> Shutting down ExecutorService 'taskScheduler'
2023-07-23 13:47:24 [SpringContextShutdownHook][INFO][org.springframework.scheduling.concurrent.ThreadPoolTaskExecutor][shutdown][218]-> Shutting down ExecutorService 'applicationTaskExecutor'
2023-07-23 13:47:29 [background-preinit][INFO][org.hibernate.validator.internal.util.Version][<clinit>][21]-> HV000001: Hibernate Validator 6.1.5.Final
2023-07-23 13:47:29 [main][INFO][com.dz.Application][logStarting][55]-> Starting Application on DESKTOP-2GU7CRG with PID 3128 (D:\work\codelab\target\classes started by Administrator in D:\work\codelab)
2023-07-23 13:47:29 [main][INFO][com.dz.Application][logStartupProfileInfo][651]-> No active profile set, falling back to default profiles: default
2023-07-23 13:47:29 [main][WARN][org.mybatis.spring.mapper.ClassPathMapperScanner][warn][44]-> Skipping MapperFactoryBean with name 'TCIUserMapper' and 'com.dz.ftsp.codelab.dao.cl.TCIUserMapper' mapperInterface. Bean already defined with the same name!
2023-07-23 13:47:29 [main][WARN][org.mybatis.spring.mapper.ClassPathMapperScanner][warn][44]-> Skipping MapperFactoryBean with name 'TClCategoryMapper' and 'com.dz.ftsp.codelab.dao.cl.TClCategoryMapper' mapperInterface. Bean already defined with the same name!
2023-07-23 13:47:29 [main][WARN][org.mybatis.spring.mapper.ClassPathMapperScanner][warn][44]-> Skipping MapperFactoryBean with name 'TClCommoditiesExMapper' and 'com.dz.ftsp.codelab.dao.cl.TClCommoditiesExMapper' mapperInterface. Bean already defined with the same name!
2023-07-23 13:47:29 [main][WARN][org.mybatis.spring.mapper.ClassPathMapperScanner][warn][44]-> Skipping MapperFactoryBean with name 'TClCommoditiesMapper' and 'com.dz.ftsp.codelab.dao.cl.TClCommoditiesMapper' mapperInterface. Bean already defined with the same name!
2023-07-23 13:47:29 [main][WARN][org.mybatis.spring.mapper.ClassPathMapperScanner][warn][44]-> Skipping MapperFactoryBean with name 'TClCommoditiesTransactionMapper' and 'com.dz.ftsp.codelab.dao.cl.TClCommoditiesTransactionMapper' mapperInterface. Bean already defined with the same name!
2023-07-23 13:47:29 [main][WARN][org.mybatis.spring.mapper.ClassPathMapperScanner][warn][44]-> Skipping MapperFactoryBean with name 'TClDictMapper' and 'com.dz.ftsp.codelab.dao.cl.TClDictMapper' mapperInterface. Bean already defined with the same name!
2023-07-23 13:47:29 [main][WARN][org.mybatis.spring.mapper.ClassPathMapperScanner][warn][44]-> Skipping MapperFactoryBean with name 'TClLogMapper' and 'com.dz.ftsp.codelab.dao.cl.TClLogMapper' mapperInterface. Bean already defined with the same name!
2023-07-23 13:47:29 [main][WARN][org.mybatis.spring.mapper.ClassPathMapperScanner][warn][44]-> Skipping MapperFactoryBean with name 'TClProductMapper' and 'com.dz.ftsp.codelab.dao.cl.TClProductMapper' mapperInterface. Bean already defined with the same name!
2023-07-23 13:47:29 [main][WARN][org.mybatis.spring.mapper.ClassPathMapperScanner][warn][44]-> No MyBatis mapper was found in '[com.dz.ftsp.codelab.dao.*]' package. Please check your configuration.
2023-07-23 13:47:30 [main][INFO][org.springframework.boot.web.embedded.tomcat.TomcatWebServer][initialize][108]-> Tomcat initialized with port(s): 15055 (http)
2023-07-23 13:47:30 [main][INFO][org.apache.coyote.http11.Http11NioProtocol][log][173]-> Initializing ProtocolHandler ["http-nio-15055"]
2023-07-23 13:47:30 [main][INFO][org.apache.catalina.core.StandardService][log][173]-> Starting service [Tomcat]
2023-07-23 13:47:30 [main][INFO][org.apache.catalina.core.StandardEngine][log][173]-> Starting Servlet engine: [Apache Tomcat/9.0.38]
2023-07-23 13:47:30 [main][INFO][org.apache.catalina.core.ContainerBase.[Tomcat].[localhost].[/]][log][173]-> Initializing Spring embedded WebApplicationContext
2023-07-23 13:47:30 [main][INFO][org.springframework.boot.web.servlet.context.ServletWebServerApplicationContext][prepareWebApplicationContext][285]-> Root WebApplicationContext: initialization completed in 1420 ms
2023-07-23 13:47:31 [main][INFO][org.springframework.scheduling.concurrent.ThreadPoolTaskExecutor][initialize][181]-> Initializing ExecutorService 'applicationTaskExecutor'
2023-07-23 13:47:31 [main][INFO][org.springframework.scheduling.concurrent.ThreadPoolTaskScheduler][initialize][181]-> Initializing ExecutorService 'taskScheduler'
2023-07-23 13:47:31 [main][INFO][org.apache.coyote.http11.Http11NioProtocol][log][173]-> Starting ProtocolHandler ["http-nio-15055"]
2023-07-23 13:47:31 [main][INFO][org.springframework.boot.web.embedded.tomcat.TomcatWebServer][start][220]-> Tomcat started on port(s): 15055 (http) with context path ''
2023-07-23 13:47:31 [main][INFO][springfox.documentation.spring.web.plugins.DocumentationPluginsBootstrapper][onApplicationEvent][84]-> Context refreshed
2023-07-23 13:47:31 [main][INFO][springfox.documentation.spring.web.plugins.DocumentationPluginsBootstrapper][onApplicationEvent][87]-> Found 1 custom documentation plugin(s)
2023-07-23 13:47:31 [main][INFO][springfox.documentation.spring.web.scanners.ApiListingReferenceScanner][scan][44]-> Scanning for api listing references
2023-07-23 13:47:31 [main][WARN][springfox.documentation.swagger.readers.operation.OperationImplicitParameterReader][maybeGetModelRef][88]-> Coercing to be of type string. This may not even be a scalar type in actuality
2023-07-23 13:47:31 [main][WARN][springfox.documentation.swagger.readers.operation.OperationImplicitParameterReader][maybeGetModelRef][88]-> Coercing to be of type string. This may not even be a scalar type in actuality
2023-07-23 13:47:31 [main][WARN][springfox.documentation.swagger.readers.operation.OperationImplicitParameterReader][maybeGetModelRef][88]-> Coercing to be of type string. This may not even be a scalar type in actuality
2023-07-23 13:47:31 [main][WARN][springfox.documentation.swagger.readers.operation.OperationImplicitParameterReader][maybeGetModelRef][88]-> Coercing to be of type string. This may not even be a scalar type in actuality
2023-07-23 13:47:31 [main][WARN][springfox.documentation.swagger.readers.operation.OperationImplicitParameterReader][maybeGetModelRef][88]-> Coercing to be of type string. This may not even be a scalar type in actuality
2023-07-23 13:47:31 [main][WARN][springfox.documentation.swagger.readers.operation.OperationImplicitParameterReader][maybeGetModelRef][88]-> Coercing to be of type string. This may not even be a scalar type in actuality
2023-07-23 13:47:31 [main][INFO][springfox.documentation.spring.web.readers.operation.CachingOperationNameGenerator][startingWith][40]-> Generating unique operation named: listUsingGET_1
2023-07-23 13:47:31 [main][INFO][springfox.documentation.spring.web.readers.operation.CachingOperationNameGenerator][startingWith][40]-> Generating unique operation named: pageUsingGET_1
2023-07-23 13:47:32 [main][INFO][com.dz.Application][logStarted][61]-> Started Application in 3.201 seconds (JVM running for 3.662)
2023-07-23 13:47:55 [http-nio-15055-exec-1][INFO][org.apache.catalina.core.ContainerBase.[Tomcat].[localhost].[/]][log][173]-> Initializing Spring DispatcherServlet 'dispatcherServlet'
2023-07-23 13:47:55 [http-nio-15055-exec-1][INFO][org.springframework.web.servlet.DispatcherServlet][initServletBean][525]-> Initializing Servlet 'dispatcherServlet'
2023-07-23 13:47:55 [http-nio-15055-exec-1][INFO][org.springframework.web.servlet.DispatcherServlet][initServletBean][547]-> Completed initialization in 4 ms
